[INFO ] [Thread:main] 2018-09-21 21:05:26,755 tests.SupportTest.runOncePerSuite:L38 - Central setup completed.
[INFO ] [Thread:main] 2018-09-21 21:05:26,787 tests.SupportTest.runOncePerContext:L43 - Test context setup started for Surefire test test.
[DEBUG] [Thread:main] 2018-09-21 21:05:26,787 central.AppachhiCentral.registerContext:L69 - Loading Test Data File at Path :: D:\Hopscotch\target\test-classes\data/ANDROID/testdata.ini
[INFO ] [Thread:main] 2018-09-21 21:05:26,787 tests.SupportTest.runOncePerContext:L45 - Test context setup completed for Surefire test test.
[INFO ] [Thread:main] 2018-09-21 21:05:26,793 tests.SupportTest.runOncePerMethod:L57 - Set up for test method [HS_15] started.
[DEBUG] [Thread:main] 2018-09-21 21:05:26,793 tests.SupportTest.runOncePerMethod:L58 - Creating agent for ANDROID
[DEBUG] [Thread:main] 2018-09-21 21:05:26,809 agent.AgentFactory.createAgent:L16 - Creating agent for: ANDROID
[DEBUG] [Thread:main] 2018-09-21 21:05:26,809 agent.internal.MobileAgentFactory.createAgent:L34 - Populating desired capabilities for : ANDROID
[DEBUG] [Thread:main] 2018-09-21 21:05:26,809 agent.internal.MobileAgentFactory.createAgent:L54 - Creating mobile driver.{app=D:\Hopscotch\apps\Hopscotch.apk, appActivity=in.hopscotch.android.activity.SplashActivity, appPackage=in.hopscotch.android, autoGrantPermissions=true, automationName=uiautomator2, browserName=android, deviceName=ANDROID, newCommandTimeout=1500, noReset=false, platform=ANDROID, platformName=ANDROID, platformVersion=11.2.6, udid=35374470, version=}
[DEBUG] [Thread:Forwarding newSession on session null to remote] 2018-09-21 21:05:27,641 org.apache.http.client.protocol.RequestAddCookies.process:L123 - CookieSpec selected: default
[DEBUG] [Thread:Forwarding newSession on session null to remote] 2018-09-21 21:05:27,657 org.apache.http.client.protocol.RequestAuthCache.process:L77 - Auth cache not set in the context
[DEBUG] [Thread:Forwarding newSession on session null to remote] 2018-09-21 21:05:27,657 org.apache.http.impl.conn.PoolingHttpClientConnectionManager.requestConnection:L255 - Connection request: [route: {}->http://127.0.0.1:4723][total kept alive: 0; route allocated: 0 of 2000; total allocated: 0 of 2000]
[DEBUG] [Thread:Forwarding newSession on session null to remote] 2018-09-21 21:05:27,673 org.apache.http.impl.conn.PoolingHttpClientConnectionManager.leaseConnection:L288 - Connection leased: [id: 0][route: {}->http://127.0.0.1:4723][total kept alive: 0; route allocated: 1 of 2000; total allocated: 1 of 2000]
[DEBUG] [Thread:Forwarding newSession on session null to remote] 2018-09-21 21:05:27,673 org.apache.http.impl.execchain.MainClientExec.execute:L235 - Opening connection {}->http://127.0.0.1:4723
[DEBUG] [Thread:Forwarding newSession on session null to remote] 2018-09-21 21:05:27,673 org.apache.http.impl.conn.DefaultHttpClientConnectionOperator.connect:L139 - Connecting to /127.0.0.1:4723
[DEBUG] [Thread:Forwarding newSession on session null to remote] 2018-09-21 21:05:27,673 org.apache.http.impl.conn.DefaultHttpClientConnectionOperator.connect:L146 - Connection established 127.0.0.1:60715<->127.0.0.1:4723
[DEBUG] [Thread:Forwarding newSession on session null to remote] 2018-09-21 21:05:27,673 org.apache.http.impl.conn.LoggingManagedHttpClientConnection.setSocketTimeout:L88 - http-outgoing-0: set socket timeout to 10800000
[DEBUG] [Thread:Forwarding newSession on session null to remote] 2018-09-21 21:05:27,673 org.apache.http.impl.execchain.MainClientExec.execute:L256 - Executing request POST /wd/hub/session HTTP/1.1
[DEBUG] [Thread:Forwarding newSession on session null to remote] 2018-09-21 21:05:27,673 org.apache.http.impl.execchain.MainClientExec.execute:L261 - Target auth state: UNCHALLENGED
[DEBUG] [Thread:Forwarding newSession on session null to remote] 2018-09-21 21:05:27,673 org.apache.http.impl.execchain.MainClientExec.execute:L267 - Proxy auth state: UNCHALLENGED
[DEBUG] [Thread:Forwarding newSession on session null to remote] 2018-09-21 21:05:27,673 org.apache.http.impl.conn.LoggingManagedHttpClientConnection.onRequestSubmitted:L133 - http-outgoing-0 >> POST /wd/hub/session HTTP/1.1
[DEBUG] [Thread:Forwarding newSession on session null to remote] 2018-09-21 21:05:27,673 org.apache.http.impl.conn.LoggingManagedHttpClientConnection.onRequestSubmitted:L136 - http-outgoing-0 >> Content-Type: application/json; charset=utf-8
[DEBUG] [Thread:Forwarding newSession on session null to remote] 2018-09-21 21:05:27,673 org.apache.http.impl.conn.LoggingManagedHttpClientConnection.onRequestSubmitted:L136 - http-outgoing-0 >> Content-Length: 952
[DEBUG] [Thread:Forwarding newSession on session null to remote] 2018-09-21 21:05:27,673 org.apache.http.impl.conn.LoggingManagedHttpClientConnection.onRequestSubmitted:L136 - http-outgoing-0 >> Host: 127.0.0.1:4723
[DEBUG] [Thread:Forwarding newSession on session null to remote] 2018-09-21 21:05:27,673 org.apache.http.impl.conn.LoggingManagedHttpClientConnection.onRequestSubmitted:L136 - http-outgoing-0 >> Connection: Keep-Alive
[DEBUG] [Thread:Forwarding newSession on session null to remote] 2018-09-21 21:05:27,673 org.apache.http.impl.conn.LoggingManagedHttpClientConnection.onRequestSubmitted:L136 - http-outgoing-0 >> User-Agent: Apache-HttpClient/4.5.3 (Java/1.8.0_181)
[DEBUG] [Thread:Forwarding newSession on session null to remote] 2018-09-21 21:05:27,673 org.apache.http.impl.conn.LoggingManagedHttpClientConnection.onRequestSubmitted:L136 - http-outgoing-0 >> Accept-Encoding: gzip,deflate
[DEBUG] [Thread:Forwarding newSession on session null to remote] 2018-09-21 21:05:27,673 org.apache.http.impl.conn.Wire.wire:L73 - http-outgoing-0 >> "POST /wd/hub/session HTTP/1.1[\r][\n]"
[DEBUG] [Thread:Forwarding newSession on session null to remote] 2018-09-21 21:05:27,673 org.apache.http.impl.conn.Wire.wire:L73 - http-outgoing-0 >> "Content-Type: application/json; charset=utf-8[\r][\n]"
[DEBUG] [Thread:Forwarding newSession on session null to remote] 2018-09-21 21:05:27,673 org.apache.http.impl.conn.Wire.wire:L73 - http-outgoing-0 >> "Content-Length: 952[\r][\n]"
[DEBUG] [Thread:Forwarding newSession on session null to remote] 2018-09-21 21:05:27,673 org.apache.http.impl.conn.Wire.wire:L73 - http-outgoing-0 >> "Host: 127.0.0.1:4723[\r][\n]"
[DEBUG] [Thread:Forwarding newSession on session null to remote] 2018-09-21 21:05:27,673 org.apache.http.impl.conn.Wire.wire:L73 - http-outgoing-0 >> "Connection: Keep-Alive[\r][\n]"
[DEBUG] [Thread:Forwarding newSession on session null to remote] 2018-09-21 21:05:27,673 org.apache.http.impl.conn.Wire.wire:L73 - http-outgoing-0 >> "User-Agent: Apache-HttpClient/4.5.3 (Java/1.8.0_181)[\r][\n]"
[DEBUG] [Thread:Forwarding newSession on session null to remote] 2018-09-21 21:05:27,673 org.apache.http.impl.conn.Wire.wire:L73 - http-outgoing-0 >> "Accept-Encoding: gzip,deflate[\r][\n]"
[DEBUG] [Thread:Forwarding newSession on session null to remote] 2018-09-21 21:05:27,673 org.apache.http.impl.conn.Wire.wire:L73 - http-outgoing-0 >> "[\r][\n]"
[DEBUG] [Thread:Forwarding newSession on session null to remote] 2018-09-21 21:05:27,673 org.apache.http.impl.conn.Wire.wire:L73 - http-outgoing-0 >> "{[\n]"
[DEBUG] [Thread:Forwarding newSession on session null to remote] 2018-09-21 21:05:27,673 org.apache.http.impl.conn.Wire.wire:L73 - http-outgoing-0 >> "  "desiredCapabilities": {"app":"D:\\Hopscotch\\apps\\Hopscotch.apk","appActivity":"in.hopscotch.android.activity.SplashActivity","appPackage":"in.hopscotch.android","autoGrantPermissions":true,"automationName":"uiautomator2","browserName":"android","deviceName":"ANDROID","newCommandTimeout":1500,"noReset":false,"platform":"ANDROID","platformName":"ANDROID","platformVersion":"11.2.6","udid":"35374470","version":""},[\n]"
[DEBUG] [Thread:Forwarding newSession on session null to remote] 2018-09-21 21:05:27,673 org.apache.http.impl.conn.Wire.wire:L73 - http-outgoing-0 >> "  "capabilities": {[\n]"
[DEBUG] [Thread:Forwarding newSession on session null to remote] 2018-09-21 21:05:27,673 org.apache.http.impl.conn.Wire.wire:L73 - http-outgoing-0 >> "    "desiredCapabilities": {"app":"D:\\Hopscotch\\apps\\Hopscotch.apk","appActivity":"in.hopscotch.android.activity.SplashActivity","appPackage":"in.hopscotch.android","autoGrantPermissions":true,"automationName":"uiautomator2","browserName":"android","deviceName":"ANDROID","newCommandTimeout":1500,"noReset":false,"platform":"ANDROID","platformName":"ANDROID","platformVersion":"11.2.6","udid":"35374470","version":""},[\n]"
[DEBUG] [Thread:Forwarding newSession on session null to remote] 2018-09-21 21:05:27,673 org.apache.http.impl.conn.Wire.wire:L73 - http-outgoing-0 >> "    "firstMatch": [[\n]"
[DEBUG] [Thread:Forwarding newSession on session null to remote] 2018-09-21 21:05:27,673 org.apache.http.impl.conn.Wire.wire:L73 - http-outgoing-0 >> "      {"browserName":"android","platformName":"android"}[\n]"
[DEBUG] [Thread:Forwarding newSession on session null to remote] 2018-09-21 21:05:27,673 org.apache.http.impl.conn.Wire.wire:L73 - http-outgoing-0 >> "    ][\n]"
[DEBUG] [Thread:Forwarding newSession on session null to remote] 2018-09-21 21:05:27,673 org.apache.http.impl.conn.Wire.wire:L73 - http-outgoing-0 >> "  }[\n]"
[DEBUG] [Thread:Forwarding newSession on session null to remote] 2018-09-21 21:05:27,673 org.apache.http.impl.conn.Wire.wire:L87 - http-outgoing-0 >> "}"
[DEBUG] [Thread:Forwarding newSession on session null to remote] 2018-09-21 21:05:44,219 org.apache.http.impl.conn.Wire.wire:L73 - http-outgoing-0 << "HTTP/1.1 500 Internal Server Error[\r][\n]"
[DEBUG] [Thread:Forwarding newSession on session null to remote] 2018-09-21 21:05:44,220 org.apache.http.impl.conn.Wire.wire:L73 - http-outgoing-0 << "X-Powered-By: Express[\r][\n]"
[DEBUG] [Thread:Forwarding newSession on session null to remote] 2018-09-21 21:05:44,221 org.apache.http.impl.conn.Wire.wire:L73 - http-outgoing-0 << "Access-Control-Allow-Origin: *[\r][\n]"
[DEBUG] [Thread:Forwarding newSession on session null to remote] 2018-09-21 21:05:44,221 org.apache.http.impl.conn.Wire.wire:L73 - http-outgoing-0 << "Access-Control-Allow-Methods: GET,POST,PUT,OPTIONS,DELETE[\r][\n]"
[DEBUG] [Thread:Forwarding newSession on session null to remote] 2018-09-21 21:05:44,221 org.apache.http.impl.conn.Wire.wire:L73 - http-outgoing-0 << "Access-Control-Allow-Headers: origin, content-type, accept[\r][\n]"
[DEBUG] [Thread:Forwarding newSession on session null to remote] 2018-09-21 21:05:44,221 org.apache.http.impl.conn.Wire.wire:L73 - http-outgoing-0 << "Vary: X-HTTP-Method-Override[\r][\n]"
[DEBUG] [Thread:Forwarding newSession on session null to remote] 2018-09-21 21:05:44,221 org.apache.http.impl.conn.Wire.wire:L73 - http-outgoing-0 << "Content-Type: application/json; charset=utf-8[\r][\n]"
[DEBUG] [Thread:Forwarding newSession on session null to remote] 2018-09-21 21:05:44,222 org.apache.http.impl.conn.Wire.wire:L73 - http-outgoing-0 << "Content-Length: 397[\r][\n]"
[DEBUG] [Thread:Forwarding newSession on session null to remote] 2018-09-21 21:05:44,222 org.apache.http.impl.conn.Wire.wire:L73 - http-outgoing-0 << "ETag: W/"18d-71/bBCq5pmK2ikRdXm7Wnhp0TRo"[\r][\n]"
[DEBUG] [Thread:Forwarding newSession on session null to remote] 2018-09-21 21:05:44,222 org.apache.http.impl.conn.Wire.wire:L73 - http-outgoing-0 << "Date: Fri, 21 Sep 2018 15:35:44 GMT[\r][\n]"
[DEBUG] [Thread:Forwarding newSession on session null to remote] 2018-09-21 21:05:44,222 org.apache.http.impl.conn.Wire.wire:L73 - http-outgoing-0 << "Connection: keep-alive[\r][\n]"
[DEBUG] [Thread:Forwarding newSession on session null to remote] 2018-09-21 21:05:44,222 org.apache.http.impl.conn.Wire.wire:L73 - http-outgoing-0 << "[\r][\n]"
[DEBUG] [Thread:Forwarding newSession on session null to remote] 2018-09-21 21:05:44,223 org.apache.http.impl.conn.Wire.wire:L87 - http-outgoing-0 << "{"status":13,"value":{"message":"An unknown server-side error occurred while processing the command. Original error: Error executing adbExec. Original error: 'Command 'C\\:\\\\Users\\\\Lata\\\\AppData\\\\Local\\\\Android\\\\Sdk\\\\platform-tools\\\\adb.exe -P 5037 -s 35374470 forward tcp\\:8200 tcp\\:6790' exited with code 1'; Stderr: 'error: unknown host service'; Code: '1'"},"sessionId":null}"
[DEBUG] [Thread:Forwarding newSession on session null to remote] 2018-09-21 21:05:44,226 org.apache.http.impl.conn.LoggingManagedHttpClientConnection.onResponseReceived:L122 - http-outgoing-0 << HTTP/1.1 500 Internal Server Error
[DEBUG] [Thread:Forwarding newSession on session null to remote] 2018-09-21 21:05:44,226 org.apache.http.impl.conn.LoggingManagedHttpClientConnection.onResponseReceived:L125 - http-outgoing-0 << X-Powered-By: Express
[DEBUG] [Thread:Forwarding newSession on session null to remote] 2018-09-21 21:05:44,227 org.apache.http.impl.conn.LoggingManagedHttpClientConnection.onResponseReceived:L125 - http-outgoing-0 << Access-Control-Allow-Origin: *
[DEBUG] [Thread:Forwarding newSession on session null to remote] 2018-09-21 21:05:44,227 org.apache.http.impl.conn.LoggingManagedHttpClientConnection.onResponseReceived:L125 - http-outgoing-0 << Access-Control-Allow-Methods: GET,POST,PUT,OPTIONS,DELETE
[DEBUG] [Thread:Forwarding newSession on session null to remote] 2018-09-21 21:05:44,227 org.apache.http.impl.conn.LoggingManagedHttpClientConnection.onResponseReceived:L125 - http-outgoing-0 << Access-Control-Allow-Headers: origin, content-type, accept
[DEBUG] [Thread:Forwarding newSession on session null to remote] 2018-09-21 21:05:44,228 org.apache.http.impl.conn.LoggingManagedHttpClientConnection.onResponseReceived:L125 - http-outgoing-0 << Vary: X-HTTP-Method-Override
[DEBUG] [Thread:Forwarding newSession on session null to remote] 2018-09-21 21:05:44,228 org.apache.http.impl.conn.LoggingManagedHttpClientConnection.onResponseReceived:L125 - http-outgoing-0 << Content-Type: application/json; charset=utf-8
[DEBUG] [Thread:Forwarding newSession on session null to remote] 2018-09-21 21:05:44,228 org.apache.http.impl.conn.LoggingManagedHttpClientConnection.onResponseReceived:L125 - http-outgoing-0 << Content-Length: 397
[DEBUG] [Thread:Forwarding newSession on session null to remote] 2018-09-21 21:05:44,228 org.apache.http.impl.conn.LoggingManagedHttpClientConnection.onResponseReceived:L125 - http-outgoing-0 << ETag: W/"18d-71/bBCq5pmK2ikRdXm7Wnhp0TRo"
[DEBUG] [Thread:Forwarding newSession on session null to remote] 2018-09-21 21:05:44,228 org.apache.http.impl.conn.LoggingManagedHttpClientConnection.onResponseReceived:L125 - http-outgoing-0 << Date: Fri, 21 Sep 2018 15:35:44 GMT
[DEBUG] [Thread:Forwarding newSession on session null to remote] 2018-09-21 21:05:44,229 org.apache.http.impl.conn.LoggingManagedHttpClientConnection.onResponseReceived:L125 - http-outgoing-0 << Connection: keep-alive
[DEBUG] [Thread:Forwarding newSession on session null to remote] 2018-09-21 21:05:44,234 org.apache.http.impl.execchain.MainClientExec.execute:L285 - Connection can be kept alive indefinitely
[DEBUG] [Thread:Forwarding newSession on session null to remote] 2018-09-21 21:05:44,240 org.apache.http.impl.conn.PoolingHttpClientConnectionManager.releaseConnection:L320 - Connection [id: 0][route: {}->http://127.0.0.1:4723] can be kept alive indefinitely
[DEBUG] [Thread:Forwarding newSession on session null to remote] 2018-09-21 21:05:44,241 org.apache.http.impl.conn.PoolingHttpClientConnectionManager.releaseConnection:L326 - Connection released: [id: 0][route: {}->http://127.0.0.1:4723][total kept alive: 1; route allocated: 1 of 2000; total allocated: 1 of 2000]
[DEBUG] [Thread:main] 2018-09-21 21:05:44,569 agent.AgentFactory.createAgent:L27 - Failure in Creating agent for: ANDROID
[INFO ] [Thread:main] 2018-09-21 21:05:44,608 tests.SupportTest.tearDown:L71 - Tear down for test method [HS_15] started.
